# JRE version: OpenJDK Runtime Environment Temurin-17.0.4.1+1 (17.0.4.1+1) (build 17.0.4.1+1)
# Java VM: OpenJDK 64-Bit Server VM Temurin-17.0.4.1+1 (17.0.4.1+1, mixed mode, tiered, compressed oops, compressed class ptrs, parallel gc, windows-amd64)
GC Precious Log:
 CPUs: 8 total, 8 available
 Memory: 8085M
 Large Page Support: Disabled
 NUMA Support: Disabled
 Compressed Oops: Enabled (32-bit)
 Alignments: Space 512K, Generation 512K, Heap 2M
 Heap Min Capacity: 100M
 Heap Initial Capacity: 100M
 Heap Max Capacity: 1G
 Pre-touch: Disabled
 Parallel Workers: 8
Heap:
 PSYoungGen      total 24576K, used 1018K [0x00000000eab00000, 0x00000000ec900000, 0x0000000100000000)
  eden space 23552K, 0% used [0x00000000eab00000,0x00000000eab00000,0x00000000ec200000)
  from space 1024K, 99% used [0x00000000ec700000,0x00000000ec7fe900,0x00000000ec800000)
  to   space 3584K, 0% used [0x00000000ec200000,0x00000000ec200000,0x00000000ec580000)
 ParOldGen       total 300032K, used 299626K [0x00000000c0000000, 0x00000000d2500000, 0x00000000eab00000)
  object space 300032K, 99% used [0x00000000c0000000,0x00000000d249abc0,0x00000000d2500000)
 Metaspace       used 105929K, committed 107264K, reserved 1146880K
  class space    used 10265K, committed 10944K, reserved 1048576K
GC Heap History (20 events):
Event: 14188.822 GC heap after
{Heap after GC invocations=22211 (full 587):
 PSYoungGen      total 30720K, used 1300K [0x00000000eab00000, 0x00000000ecd80000, 0x0000000100000000)
  eden space 26112K, 0% used [0x00000000eab00000,0x00000000eab00000,0x00000000ec480000)
  from space 4608K, 28% used [0x00000000ec500000,0x00000000ec645200,0x00000000ec980000)
  to   space 2560K, 0% used [0x00000000ecb00000,0x00000000ecb00000,0x00000000ecd80000)
 ParOldGen       total 299008K, used 293922K [0x00000000c0000000, 0x00000000d2400000, 0x00000000eab00000)
  object space 299008K, 98% used [0x00000000c0000000,0x00000000d1f08b48,0x00000000d2400000)
 Metaspace       used 105929K, committed 107264K, reserved 1146880K
  class space    used 10265K, committed 10944K, reserved 1048576K
}
Event: 14190.658 GC heap before
{Heap before GC invocations=22212 (full 587):
 PSYoungGen      total 30720K, used 27412K [0x00000000eab00000, 0x00000000ecd80000, 0x0000000100000000)
  eden space 26112K, 100% used [0x00000000eab00000,0x00000000ec480000,0x00000000ec480000)
  from space 4608K, 28% used [0x00000000ec500000,0x00000000ec645200,0x00000000ec980000)
  to   space 2560K, 0% used [0x00000000ecb00000,0x00000000ecb00000,0x00000000ecd80000)
 ParOldGen       total 299008K, used 293922K [0x00000000c0000000, 0x00000000d2400000, 0x00000000eab00000)
  object space 299008K, 98% used [0x00000000c0000000,0x00000000d1f08b48,0x00000000d2400000)
 Metaspace       used 105929K, committed 107264K, reserved 1146880K
  class space    used 10265K, committed 10944K, reserved 1048576K
}
Event: 14190.661 GC heap after
{Heap after GC invocations=22212 (full 587):
 PSYoungGen      total 26624K, used 970K [0x00000000eab00000, 0x00000000ecc00000, 0x0000000100000000)
  eden space 25600K, 0% used [0x00000000eab00000,0x00000000eab00000,0x00000000ec400000)
  from space 1024K, 94% used [0x00000000ecb00000,0x00000000ecbf2910,0x00000000ecc00000)
  to   space 1536K, 0% used [0x00000000ec900000,0x00000000ec900000,0x00000000eca80000)
 ParOldGen       total 299008K, used 293922K [0x00000000c0000000, 0x00000000d2400000, 0x00000000eab00000)
  object space 299008K, 98% used [0x00000000c0000000,0x00000000d1f08b48,0x00000000d2400000)
 Metaspace       used 105929K, committed 107264K, reserved 1146880K
  class space    used 10265K, committed 10944K, reserved 1048576K
}
Event: 14190.971 GC heap before
{Heap before GC invocations=22213 (full 587):
 PSYoungGen      total 26624K, used 26570K [0x00000000eab00000, 0x00000000ecc00000, 0x0000000100000000)
  eden space 25600K, 100% used [0x00000000eab00000,0x00000000ec400000,0x00000000ec400000)
  from space 1024K, 94% used [0x00000000ecb00000,0x00000000ecbf2910,0x00000000ecc00000)
  to   space 1536K, 0% used [0x00000000ec900000,0x00000000ec900000,0x00000000eca80000)
 ParOldGen       total 299008K, used 293922K [0x00000000c0000000, 0x00000000d2400000, 0x00000000eab00000)
  object space 299008K, 98% used [0x00000000c0000000,0x00000000d1f08b48,0x00000000d2400000)
 Metaspace       used 105929K, committed 107264K, reserved 1146880K
  class space    used 10265K, committed 10944K, reserved 1048576K
}
Event: 14190.975 GC heap after
{Heap after GC invocations=22213 (full 587):
 PSYoungGen      total 26624K, used 1524K [0x00000000eab00000, 0x00000000ecb80000, 0x0000000100000000)
  eden space 25088K, 0% used [0x00000000eab00000,0x00000000eab00000,0x00000000ec380000)
  from space 1536K, 99% used [0x00000000ec900000,0x00000000eca7d200,0x00000000eca80000)
  to   space 1024K, 0% used [0x00000000eca80000,0x00000000eca80000,0x00000000ecb80000)
 ParOldGen       total 299008K, used 294825K [0x00000000c0000000, 0x00000000d2400000, 0x00000000eab00000)
  object space 299008K, 98% used [0x00000000c0000000,0x00000000d1fea6e8,0x00000000d2400000)
 Metaspace       used 105929K, committed 107264K, reserved 1146880K
  class space    used 10265K, committed 10944K, reserved 1048576K
}
Event: 14191.000 GC heap before
{Heap before GC invocations=22214 (full 587):
 PSYoungGen      total 26624K, used 26612K [0x00000000eab00000, 0x00000000ecb80000, 0x0000000100000000)
  eden space 25088K, 100% used [0x00000000eab00000,0x00000000ec380000,0x00000000ec380000)
  from space 1536K, 99% used [0x00000000ec900000,0x00000000eca7d200,0x00000000eca80000)
  to   space 1024K, 0% used [0x00000000eca80000,0x00000000eca80000,0x00000000ecb80000)
 ParOldGen       total 299008K, used 294825K [0x00000000c0000000, 0x00000000d2400000, 0x00000000eab00000)
  object space 299008K, 98% used [0x00000000c0000000,0x00000000d1fea6e8,0x00000000d2400000)
 Metaspace       used 105929K, committed 107264K, reserved 1146880K
  class space    used 10265K, committed 10944K, reserved 1048576K
}
Event: 14191.003 GC heap after
{Heap after GC invocations=22214 (full 587):
 PSYoungGen      total 25600K, used 1012K [0x00000000eab00000, 0x00000000ecb80000, 0x0000000100000000)
  eden space 24576K, 0% used [0x00000000eab00000,0x00000000eab00000,0x00000000ec300000)
  from space 1024K, 98% used [0x00000000eca80000,0x00000000ecb7d200,0x00000000ecb80000)
  to   space 3072K, 0% used [0x00000000ec580000,0x00000000ec580000,0x00000000ec880000)
 ParOldGen       total 299008K, used 296674K [0x00000000c0000000, 0x00000000d2400000, 0x00000000eab00000)
  object space 299008K, 99% used [0x00000000c0000000,0x00000000d21b8b58,0x00000000d2400000)
 Metaspace       used 105929K, committed 107264K, reserved 1146880K
  class space    used 10265K, committed 10944K, reserved 1048576K
}
Event: 14191.025 GC heap before
{Heap before GC invocations=22215 (full 587):
 PSYoungGen      total 25600K, used 25588K [0x00000000eab00000, 0x00000000ecb80000, 0x0000000100000000)
  eden space 24576K, 100% used [0x00000000eab00000,0x00000000ec300000,0x00000000ec300000)
  from space 1024K, 98% used [0x00000000eca80000,0x00000000ecb7d200,0x00000000ecb80000)
  to   space 3072K, 0% used [0x00000000ec580000,0x00000000ec580000,0x00000000ec880000)
 ParOldGen       total 299008K, used 296674K [0x00000000c0000000, 0x00000000d2400000, 0x00000000eab00000)
  object space 299008K, 99% used [0x00000000c0000000,0x00000000d21b8b58,0x00000000d2400000)
 Metaspace       used 105929K, committed 107264K, reserved 1146880K
  class space    used 10265K, committed 10944K, reserved 1048576K
}
Event: 14191.028 GC heap after
{Heap after GC invocations=22215 (full 587):
 PSYoungGen      total 27136K, used 2350K [0x00000000eab00000, 0x00000000ecb00000, 0x0000000100000000)
  eden space 24064K, 0% used [0x00000000eab00000,0x00000000eab00000,0x00000000ec280000)
  from space 3072K, 76% used [0x00000000ec580000,0x00000000ec7cbb00,0x00000000ec880000)
  to   space 2560K, 0% used [0x00000000ec880000,0x00000000ec880000,0x00000000ecb00000)
 ParOldGen       total 299008K, used 296674K [0x00000000c0000000, 0x00000000d2400000, 0x00000000eab00000)
  object space 299008K, 99% used [0x00000000c0000000,0x00000000d21b8b58,0x00000000d2400000)
 Metaspace       used 105929K, committed 107264K, reserved 1146880K
  class space    used 10265K, committed 10944K, reserved 1048576K
}
Event: 14191.068 GC heap before
{Heap before GC invocations=22216 (full 587):
 PSYoungGen      total 27136K, used 26414K [0x00000000eab00000, 0x00000000ecb00000, 0x0000000100000000)
  eden space 24064K, 100% used [0x00000000eab00000,0x00000000ec280000,0x00000000ec280000)
  from space 3072K, 76% used [0x00000000ec580000,0x00000000ec7cbb00,0x00000000ec880000)
  to   space 2560K, 0% used [0x00000000ec880000,0x00000000ec880000,0x00000000ecb00000)
 ParOldGen       total 299008K, used 296674K [0x00000000c0000000, 0x00000000d2400000, 0x00000000eab00000)
  object space 299008K, 99% used [0x00000000c0000000,0x00000000d21b8b58,0x00000000d2400000)
 Metaspace       used 105929K, committed 107264K, reserved 1146880K
  class space    used 10265K, committed 10944K, reserved 1048576K
}
Event: 14191.071 GC heap after
{Heap after GC invocations=22216 (full 587):
 PSYoungGen      total 25600K, used 2030K [0x00000000eab00000, 0x00000000eca80000, 0x0000000100000000)
  eden space 23552K, 0% used [0x00000000eab00000,0x00000000eab00000,0x00000000ec200000)
  from space 2048K, 99% used [0x00000000ec880000,0x00000000eca7bb00,0x00000000eca80000)
  to   space 2560K, 0% used [0x00000000ec580000,0x00000000ec580000,0x00000000ec800000)
 ParOldGen       total 299008K, used 296674K [0x00000000c0000000, 0x00000000d2400000, 0x00000000eab00000)
  object space 299008K, 99% used [0x00000000c0000000,0x00000000d21b8b58,0x00000000d2400000)
 Metaspace       used 105929K, committed 107264K, reserved 1146880K
  class space    used 10265K, committed 10944K, reserved 1048576K
}
Event: 14191.110 GC heap before
{Heap before GC invocations=22217 (full 587):
 PSYoungGen      total 25600K, used 25582K [0x00000000eab00000, 0x00000000eca80000, 0x0000000100000000)
  eden space 23552K, 100% used [0x00000000eab00000,0x00000000ec200000,0x00000000ec200000)
  from space 2048K, 99% used [0x00000000ec880000,0x00000000eca7bb00,0x00000000eca80000)
  to   space 2560K, 0% used [0x00000000ec580000,0x00000000ec580000,0x00000000ec800000)
 ParOldGen       total 299008K, used 296674K [0x00000000c0000000, 0x00000000d2400000, 0x00000000eab00000)
  object space 299008K, 99% used [0x00000000c0000000,0x00000000d21b8b58,0x00000000d2400000)
 Metaspace       used 105929K, committed 107264K, reserved 1146880K
  class space    used 10265K, committed 10944K, reserved 1048576K
}
Event: 14191.113 GC heap after
{Heap after GC invocations=22217 (full 587):
 PSYoungGen      total 25600K, used 1934K [0x00000000eab00000, 0x00000000ec900000, 0x0000000100000000)
  eden space 23552K, 0% used [0x00000000eab00000,0x00000000eab00000,0x00000000ec200000)
  from space 2048K, 94% used [0x00000000ec580000,0x00000000ec763b00,0x00000000ec780000)
  to   space 1536K, 0% used [0x00000000ec780000,0x00000000ec780000,0x00000000ec900000)
 ParOldGen       total 299008K, used 296674K [0x00000000c0000000, 0x00000000d2400000, 0x00000000eab00000)
  object space 299008K, 99% used [0x00000000c0000000,0x00000000d21b8b58,0x00000000d2400000)
 Metaspace       used 105929K, committed 107264K, reserved 1146880K
  class space    used 10265K, committed 10944K, reserved 1048576K
}
Event: 14191.132 GC heap before
{Heap before GC invocations=22218 (full 587):
 PSYoungGen      total 25600K, used 25486K [0x00000000eab00000, 0x00000000ec900000, 0x0000000100000000)
  eden space 23552K, 100% used [0x00000000eab00000,0x00000000ec200000,0x00000000ec200000)
  from space 2048K, 94% used [0x00000000ec580000,0x00000000ec763b00,0x00000000ec780000)
  to   space 1536K, 0% used [0x00000000ec780000,0x00000000ec780000,0x00000000ec900000)
 ParOldGen       total 299008K, used 296674K [0x00000000c0000000, 0x00000000d2400000, 0x00000000eab00000)
  object space 299008K, 99% used [0x00000000c0000000,0x00000000d21b8b58,0x00000000d2400000)
 Metaspace       used 105929K, committed 107264K, reserved 1146880K
  class space    used 10265K, committed 10944K, reserved 1048576K
}
Event: 14191.135 GC heap after
{Heap after GC invocations=22218 (full 587):
 PSYoungGen      total 25088K, used 1530K [0x00000000eab00000, 0x00000000ec900000, 0x0000000100000000)
  eden space 23552K, 0% used [0x00000000eab00000,0x00000000eab00000,0x00000000ec200000)
  from space 1536K, 99% used [0x00000000ec780000,0x00000000ec8fe900,0x00000000ec900000)
  to   space 2048K, 0% used [0x00000000ec500000,0x00000000ec500000,0x00000000ec700000)
 ParOldGen       total 299008K, used 296951K [0x00000000c0000000, 0x00000000d2400000, 0x00000000eab00000)
  object space 299008K, 99% used [0x00000000c0000000,0x00000000d21fdd78,0x00000000d2400000)
 Metaspace       used 105929K, committed 107264K, reserved 1146880K
  class space    used 10265K, committed 10944K, reserved 1048576K
}
Event: 14202.744 GC heap before
{Heap before GC invocations=22219 (full 587):
 PSYoungGen      total 25088K, used 25082K [0x00000000eab00000, 0x00000000ec900000, 0x0000000100000000)
  eden space 23552K, 100% used [0x00000000eab00000,0x00000000ec200000,0x00000000ec200000)
  from space 1536K, 99% used [0x00000000ec780000,0x00000000ec8fe900,0x00000000ec900000)
  to   space 2048K, 0% used [0x00000000ec500000,0x00000000ec500000,0x00000000ec700000)
 ParOldGen       total 299008K, used 296951K [0x00000000c0000000, 0x00000000d2400000, 0x00000000eab00000)
  object space 299008K, 99% used [0x00000000c0000000,0x00000000d21fdd78,0x00000000d2400000)
 Metaspace       used 105929K, committed 107264K, reserved 1146880K
  class space    used 10265K, committed 10944K, reserved 1048576K
}
Event: 14202.747 GC heap after
{Heap after GC invocations=22219 (full 587):
 PSYoungGen      total 25600K, used 2036K [0x00000000eab00000, 0x00000000ec800000, 0x0000000100000000)
  eden space 23552K, 0% used [0x00000000eab00000,0x00000000eab00000,0x00000000ec200000)
  from space 2048K, 99% used [0x00000000ec500000,0x00000000ec6fd200,0x00000000ec700000)
  to   space 1024K, 0% used [0x00000000ec700000,0x00000000ec700000,0x00000000ec800000)
 ParOldGen       total 299008K, used 297281K [0x00000000c0000000, 0x00000000d2400000, 0x00000000eab00000)
  object space 299008K, 99% used [0x00000000c0000000,0x00000000d2250698,0x00000000d2400000)
 Metaspace       used 105929K, committed 107264K, reserved 1146880K
  class space    used 10265K, committed 10944K, reserved 1048576K
}
Event: 14202.924 GC heap before
{Heap before GC invocations=22220 (full 587):
 PSYoungGen      total 25600K, used 25588K [0x00000000eab00000, 0x00000000ec800000, 0x0000000100000000)
  eden space 23552K, 100% used [0x00000000eab00000,0x00000000ec200000,0x00000000ec200000)
  from space 2048K, 99% used [0x00000000ec500000,0x00000000ec6fd200,0x00000000ec700000)
  to   space 1024K, 0% used [0x00000000ec700000,0x00000000ec700000,0x00000000ec800000)
 ParOldGen       total 299008K, used 297281K [0x00000000c0000000, 0x00000000d2400000, 0x00000000eab00000)
  object space 299008K, 99% used [0x00000000c0000000,0x00000000d2250698,0x00000000d2400000)
 Metaspace       used 105929K, committed 107264K, reserved 1146880K
  class space    used 10265K, committed 10944K, reserved 1048576K
}
Event: 14202.928 GC heap after
{Heap after GC invocations=22220 (full 587):
 PSYoungGen      total 24576K, used 1018K [0x00000000eab00000, 0x00000000ec900000, 0x0000000100000000)
  eden space 23552K, 0% used [0x00000000eab00000,0x00000000eab00000,0x00000000ec200000)
  from space 1024K, 99% used [0x00000000ec700000,0x00000000ec7fe900,0x00000000ec800000)
  to   space 3584K, 0% used [0x00000000ec200000,0x00000000ec200000,0x00000000ec580000)
 ParOldGen       total 300032K, used 299626K [0x00000000c0000000, 0x00000000d2500000, 0x00000000eab00000)
  object space 300032K, 99% used [0x00000000c0000000,0x00000000d249abc0,0x00000000d2500000)
 Metaspace       used 105929K, committed 107264K, reserved 1146880K
  class space    used 10265K, committed 10944K, reserved 1048576K
}
Event: 14202.928 GC heap before
{Heap before GC invocations=22221 (full 588):
 PSYoungGen      total 24576K, used 1018K [0x00000000eab00000, 0x00000000ec900000, 0x0000000100000000)
  eden space 23552K, 0% used [0x00000000eab00000,0x00000000eab00000,0x00000000ec200000)
  from space 1024K, 99% used [0x00000000ec700000,0x00000000ec7fe900,0x00000000ec800000)
  to   space 3584K, 0% used [0x00000000ec200000,0x00000000ec200000,0x00000000ec580000)
 ParOldGen       total 300032K, used 299626K [0x00000000c0000000, 0x00000000d2500000, 0x00000000eab00000)
  object space 300032K, 99% used [0x00000000c0000000,0x00000000d249abc0,0x00000000d2500000)
 Metaspace       used 105929K, committed 107264K, reserved 1146880K
  class space    used 10265K, committed 10944K, reserved 1048576K
}

