# JRE version: OpenJDK Runtime Environment Temurin-17.0.4.1+1 (17.0.4.1+1) (build 17.0.4.1+1)
# Java VM: OpenJDK 64-Bit Server VM Temurin-17.0.4.1+1 (17.0.4.1+1, mixed mode, tiered, compressed oops, compressed class ptrs, parallel gc, windows-amd64)
GC Precious Log:
 CPUs: 8 total, 8 available
 Memory: 8085M
 Large Page Support: Disabled
 NUMA Support: Disabled
 Compressed Oops: Enabled (32-bit)
 Alignments: Space 512K, Generation 512K, Heap 2M
 Heap Min Capacity: 100M
 Heap Initial Capacity: 100M
 Heap Max Capacity: 1G
 Pre-touch: Disabled
 Parallel Workers: 8
Heap:
 PSYoungGen      total 21504K, used 972K [0x00000000eab00000, 0x00000000ec280000, 0x0000000100000000)
  eden space 20480K, 0% used [0x00000000eab00000,0x00000000eab00000,0x00000000ebf00000)
  from space 1024K, 94% used [0x00000000ec180000,0x00000000ec2732d8,0x00000000ec280000)
  to   space 1536K, 0% used [0x00000000ebf80000,0x00000000ebf80000,0x00000000ec100000)
 ParOldGen       total 68608K, used 22791K [0x00000000c0000000, 0x00000000c4300000, 0x00000000eab00000)
  object space 68608K, 33% used [0x00000000c0000000,0x00000000c1641f90,0x00000000c4300000)
 Metaspace       used 35272K, committed 35840K, reserved 1089536K
  class space    used 3579K, committed 3840K, reserved 1048576K
GC Heap History (20 events):
Event: 4.193 GC heap after
{Heap after GC invocations=6 (full 1):
 PSYoungGen      total 25600K, used 320K [0x00000000eab00000, 0x00000000ec880000, 0x0000000100000000)
  eden space 25088K, 0% used [0x00000000eab00000,0x00000000eab00000,0x00000000ec380000)
  from space 512K, 62% used [0x00000000ec400000,0x00000000ec450000,0x00000000ec480000)
  to   space 2048K, 0% used [0x00000000ec680000,0x00000000ec680000,0x00000000ec880000)
 ParOldGen       total 68608K, used 7124K [0x00000000c0000000, 0x00000000c4300000, 0x00000000eab00000)
  object space 68608K, 10% used [0x00000000c0000000,0x00000000c06f5068,0x00000000c4300000)
 Metaspace       used 24675K, committed 25088K, reserved 1073152K
  class space    used 2408K, committed 2560K, reserved 1048576K
}
Event: 5.103 GC heap before
{Heap before GC invocations=7 (full 1):
 PSYoungGen      total 25600K, used 25408K [0x00000000eab00000, 0x00000000ec880000, 0x0000000100000000)
  eden space 25088K, 100% used [0x00000000eab00000,0x00000000ec380000,0x00000000ec380000)
  from space 512K, 62% used [0x00000000ec400000,0x00000000ec450000,0x00000000ec480000)
  to   space 2048K, 0% used [0x00000000ec680000,0x00000000ec680000,0x00000000ec880000)
 ParOldGen       total 68608K, used 7124K [0x00000000c0000000, 0x00000000c4300000, 0x00000000eab00000)
  object space 68608K, 10% used [0x00000000c0000000,0x00000000c06f5068,0x00000000c4300000)
 Metaspace       used 27523K, committed 27904K, reserved 1081344K
  class space    used 2660K, committed 2816K, reserved 1048576K
}
Event: 5.104 GC heap after
{Heap after GC invocations=7 (full 1):
 PSYoungGen      total 26112K, used 1128K [0x00000000eab00000, 0x00000000ec800000, 0x0000000100000000)
  eden space 24576K, 0% used [0x00000000eab00000,0x00000000eab00000,0x00000000ec300000)
  from space 1536K, 73% used [0x00000000ec680000,0x00000000ec79a100,0x00000000ec800000)
  to   space 1536K, 0% used [0x00000000ec500000,0x00000000ec500000,0x00000000ec680000)
 ParOldGen       total 68608K, used 7132K [0x00000000c0000000, 0x00000000c4300000, 0x00000000eab00000)
  object space 68608K, 10% used [0x00000000c0000000,0x00000000c06f7068,0x00000000c4300000)
 Metaspace       used 27523K, committed 27904K, reserved 1081344K
  class space    used 2660K, committed 2816K, reserved 1048576K
}
Event: 5.972 GC heap before
{Heap before GC invocations=8 (full 1):
 PSYoungGen      total 26112K, used 25704K [0x00000000eab00000, 0x00000000ec800000, 0x0000000100000000)
  eden space 24576K, 100% used [0x00000000eab00000,0x00000000ec300000,0x00000000ec300000)
  from space 1536K, 73% used [0x00000000ec680000,0x00000000ec79a100,0x00000000ec800000)
  to   space 1536K, 0% used [0x00000000ec500000,0x00000000ec500000,0x00000000ec680000)
 ParOldGen       total 68608K, used 7132K [0x00000000c0000000, 0x00000000c4300000, 0x00000000eab00000)
  object space 68608K, 10% used [0x00000000c0000000,0x00000000c06f7068,0x00000000c4300000)
 Metaspace       used 31803K, committed 32320K, reserved 1081344K
  class space    used 3208K, committed 3392K, reserved 1048576K
}
Event: 5.975 GC heap after
{Heap after GC invocations=8 (full 1):
 PSYoungGen      total 25600K, used 1533K [0x00000000eab00000, 0x00000000ec780000, 0x0000000100000000)
  eden space 24064K, 0% used [0x00000000eab00000,0x00000000eab00000,0x00000000ec280000)
  from space 1536K, 99% used [0x00000000ec500000,0x00000000ec67f538,0x00000000ec680000)
  to   space 1024K, 0% used [0x00000000ec680000,0x00000000ec680000,0x00000000ec780000)
 ParOldGen       total 68608K, used 7901K [0x00000000c0000000, 0x00000000c4300000, 0x00000000eab00000)
  object space 68608K, 11% used [0x00000000c0000000,0x00000000c07b7508,0x00000000c4300000)
 Metaspace       used 31803K, committed 32320K, reserved 1081344K
  class space    used 3208K, committed 3392K, reserved 1048576K
}
Event: 6.633 GC heap before
{Heap before GC invocations=9 (full 1):
 PSYoungGen      total 25600K, used 25597K [0x00000000eab00000, 0x00000000ec780000, 0x0000000100000000)
  eden space 24064K, 100% used [0x00000000eab00000,0x00000000ec280000,0x00000000ec280000)
  from space 1536K, 99% used [0x00000000ec500000,0x00000000ec67f538,0x00000000ec680000)
  to   space 1024K, 0% used [0x00000000ec680000,0x00000000ec680000,0x00000000ec780000)
 ParOldGen       total 68608K, used 7901K [0x00000000c0000000, 0x00000000c4300000, 0x00000000eab00000)
  object space 68608K, 11% used [0x00000000c0000000,0x00000000c07b7508,0x00000000c4300000)
 Metaspace       used 34468K, committed 35072K, reserved 1081344K
  class space    used 3493K, committed 3776K, reserved 1048576K
}
Event: 6.637 GC heap after
{Heap after GC invocations=9 (full 1):
 PSYoungGen      total 24576K, used 1008K [0x00000000eab00000, 0x00000000ec900000, 0x0000000100000000)
  eden space 23552K, 0% used [0x00000000eab00000,0x00000000eab00000,0x00000000ec200000)
  from space 1024K, 98% used [0x00000000ec680000,0x00000000ec77c378,0x00000000ec780000)
  to   space 3584K, 0% used [0x00000000ec200000,0x00000000ec200000,0x00000000ec580000)
 ParOldGen       total 68608K, used 10225K [0x00000000c0000000, 0x00000000c4300000, 0x00000000eab00000)
  object space 68608K, 14% used [0x00000000c0000000,0x00000000c09fc5d0,0x00000000c4300000)
 Metaspace       used 34468K, committed 35072K, reserved 1081344K
  class space    used 3493K, committed 3776K, reserved 1048576K
}
Event: 7.043 GC heap before
{Heap before GC invocations=10 (full 1):
 PSYoungGen      total 24576K, used 24560K [0x00000000eab00000, 0x00000000ec900000, 0x0000000100000000)
  eden space 23552K, 100% used [0x00000000eab00000,0x00000000ec200000,0x00000000ec200000)
  from space 1024K, 98% used [0x00000000ec680000,0x00000000ec77c378,0x00000000ec780000)
  to   space 3584K, 0% used [0x00000000ec200000,0x00000000ec200000,0x00000000ec580000)
 ParOldGen       total 68608K, used 10225K [0x00000000c0000000, 0x00000000c4300000, 0x00000000eab00000)
  object space 68608K, 14% used [0x00000000c0000000,0x00000000c09fc5d0,0x00000000c4300000)
 Metaspace       used 34649K, committed 35264K, reserved 1081344K
  class space    used 3513K, committed 3776K, reserved 1048576K
}
Event: 7.045 GC heap after
{Heap after GC invocations=10 (full 1):
 PSYoungGen      total 26112K, used 3012K [0x00000000eab00000, 0x00000000ec880000, 0x0000000100000000)
  eden space 23040K, 0% used [0x00000000eab00000,0x00000000eab00000,0x00000000ec180000)
  from space 3072K, 98% used [0x00000000ec200000,0x00000000ec4f13b8,0x00000000ec500000)
  to   space 3584K, 0% used [0x00000000ec500000,0x00000000ec500000,0x00000000ec880000)
 ParOldGen       total 68608K, used 10523K [0x00000000c0000000, 0x00000000c4300000, 0x00000000eab00000)
  object space 68608K, 15% used [0x00000000c0000000,0x00000000c0a46c48,0x00000000c4300000)
 Metaspace       used 34649K, committed 35264K, reserved 1081344K
  class space    used 3513K, committed 3776K, reserved 1048576K
}
Event: 7.181 GC heap before
{Heap before GC invocations=11 (full 1):
 PSYoungGen      total 26112K, used 26052K [0x00000000eab00000, 0x00000000ec880000, 0x0000000100000000)
  eden space 23040K, 100% used [0x00000000eab00000,0x00000000ec180000,0x00000000ec180000)
  from space 3072K, 98% used [0x00000000ec200000,0x00000000ec4f13b8,0x00000000ec500000)
  to   space 3584K, 0% used [0x00000000ec500000,0x00000000ec500000,0x00000000ec880000)
 ParOldGen       total 68608K, used 10523K [0x00000000c0000000, 0x00000000c4300000, 0x00000000eab00000)
  object space 68608K, 15% used [0x00000000c0000000,0x00000000c0a46c48,0x00000000c4300000)
 Metaspace       used 34787K, committed 35328K, reserved 1081344K
  class space    used 3528K, committed 3776K, reserved 1048576K
}
Event: 7.185 GC heap after
{Heap after GC invocations=11 (full 1):
 PSYoungGen      total 24064K, used 3552K [0x00000000eab00000, 0x00000000ecd00000, 0x0000000100000000)
  eden space 20480K, 0% used [0x00000000eab00000,0x00000000eab00000,0x00000000ebf00000)
  from space 3584K, 99% used [0x00000000ec500000,0x00000000ec878010,0x00000000ec880000)
  to   space 6144K, 0% used [0x00000000ebf00000,0x00000000ebf00000,0x00000000ec500000)
 ParOldGen       total 68608K, used 12445K [0x00000000c0000000, 0x00000000c4300000, 0x00000000eab00000)
  object space 68608K, 18% used [0x00000000c0000000,0x00000000c0c27570,0x00000000c4300000)
 Metaspace       used 34787K, committed 35328K, reserved 1081344K
  class space    used 3528K, committed 3776K, reserved 1048576K
}
Event: 7.258 GC heap before
{Heap before GC invocations=12 (full 1):
 PSYoungGen      total 24064K, used 24032K [0x00000000eab00000, 0x00000000ecd00000, 0x0000000100000000)
  eden space 20480K, 100% used [0x00000000eab00000,0x00000000ebf00000,0x00000000ebf00000)
  from space 3584K, 99% used [0x00000000ec500000,0x00000000ec878010,0x00000000ec880000)
  to   space 6144K, 0% used [0x00000000ebf00000,0x00000000ebf00000,0x00000000ec500000)
 ParOldGen       total 68608K, used 12445K [0x00000000c0000000, 0x00000000c4300000, 0x00000000eab00000)
  object space 68608K, 18% used [0x00000000c0000000,0x00000000c0c27570,0x00000000c4300000)
 Metaspace       used 34789K, committed 35392K, reserved 1081344K
  class space    used 3528K, committed 3776K, reserved 1048576K
}
Event: 7.263 GC heap after
{Heap after GC invocations=12 (full 1):
 PSYoungGen      total 23040K, used 2144K [0x00000000eab00000, 0x00000000ec600000, 0x0000000100000000)
  eden space 20480K, 0% used [0x00000000eab00000,0x00000000eab00000,0x00000000ebf00000)
  from space 2560K, 83% used [0x00000000ebf00000,0x00000000ec118000,0x00000000ec180000)
  to   space 3584K, 0% used [0x00000000ec280000,0x00000000ec280000,0x00000000ec600000)
 ParOldGen       total 68608K, used 16028K [0x00000000c0000000, 0x00000000c4300000, 0x00000000eab00000)
  object space 68608K, 23% used [0x00000000c0000000,0x00000000c0fa73a8,0x00000000c4300000)
 Metaspace       used 34789K, committed 35392K, reserved 1081344K
  class space    used 3528K, committed 3776K, reserved 1048576K
}
Event: 7.341 GC heap before
{Heap before GC invocations=13 (full 1):
 PSYoungGen      total 23040K, used 22624K [0x00000000eab00000, 0x00000000ec600000, 0x0000000100000000)
  eden space 20480K, 100% used [0x00000000eab00000,0x00000000ebf00000,0x00000000ebf00000)
  from space 2560K, 83% used [0x00000000ebf00000,0x00000000ec118000,0x00000000ec180000)
  to   space 3584K, 0% used [0x00000000ec280000,0x00000000ec280000,0x00000000ec600000)
 ParOldGen       total 68608K, used 16028K [0x00000000c0000000, 0x00000000c4300000, 0x00000000eab00000)
  object space 68608K, 23% used [0x00000000c0000000,0x00000000c0fa73a8,0x00000000c4300000)
 Metaspace       used 34789K, committed 35392K, reserved 1081344K
  class space    used 3528K, committed 3776K, reserved 1048576K
}
Event: 7.344 GC heap after
{Heap after GC invocations=13 (full 1):
 PSYoungGen      total 23040K, used 2496K [0x00000000eab00000, 0x00000000ec500000, 0x0000000100000000)
  eden space 20480K, 0% used [0x00000000eab00000,0x00000000eab00000,0x00000000ebf00000)
  from space 2560K, 97% used [0x00000000ec280000,0x00000000ec4f0010,0x00000000ec500000)
  to   space 3072K, 0% used [0x00000000ebf00000,0x00000000ebf00000,0x00000000ec200000)
 ParOldGen       total 68608K, used 18084K [0x00000000c0000000, 0x00000000c4300000, 0x00000000eab00000)
  object space 68608K, 26% used [0x00000000c0000000,0x00000000c11a93a8,0x00000000c4300000)
 Metaspace       used 34789K, committed 35392K, reserved 1081344K
  class space    used 3528K, committed 3776K, reserved 1048576K
}
Event: 7.495 GC heap before
{Heap before GC invocations=14 (full 1):
 PSYoungGen      total 23040K, used 22976K [0x00000000eab00000, 0x00000000ec500000, 0x0000000100000000)
  eden space 20480K, 100% used [0x00000000eab00000,0x00000000ebf00000,0x00000000ebf00000)
  from space 2560K, 97% used [0x00000000ec280000,0x00000000ec4f0010,0x00000000ec500000)
  to   space 3072K, 0% used [0x00000000ebf00000,0x00000000ebf00000,0x00000000ec200000)
 ParOldGen       total 68608K, used 18084K [0x00000000c0000000, 0x00000000c4300000, 0x00000000eab00000)
  object space 68608K, 26% used [0x00000000c0000000,0x00000000c11a93a8,0x00000000c4300000)
 Metaspace       used 34842K, committed 35392K, reserved 1081344K
  class space    used 3531K, committed 3776K, reserved 1048576K
}
Event: 7.499 GC heap after
{Heap after GC invocations=14 (full 1):
 PSYoungGen      total 23040K, used 2400K [0x00000000eab00000, 0x00000000ec400000, 0x0000000100000000)
  eden space 20480K, 0% used [0x00000000eab00000,0x00000000eab00000,0x00000000ebf00000)
  from space 2560K, 93% used [0x00000000ebf00000,0x00000000ec158000,0x00000000ec180000)
  to   space 2560K, 0% used [0x00000000ec180000,0x00000000ec180000,0x00000000ec400000)
 ParOldGen       total 68608K, used 20460K [0x00000000c0000000, 0x00000000c4300000, 0x00000000eab00000)
  object space 68608K, 29% used [0x00000000c0000000,0x00000000c13fb3b8,0x00000000c4300000)
 Metaspace       used 34842K, committed 35392K, reserved 1081344K
  class space    used 3531K, committed 3776K, reserved 1048576K
}
Event: 7.693 GC heap before
{Heap before GC invocations=15 (full 1):
 PSYoungGen      total 23040K, used 6280K [0x00000000eab00000, 0x00000000ec400000, 0x0000000100000000)
  eden space 20480K, 18% used [0x00000000eab00000,0x00000000eaeca310,0x00000000ebf00000)
  from space 2560K, 93% used [0x00000000ebf00000,0x00000000ec158000,0x00000000ec180000)
  to   space 2560K, 0% used [0x00000000ec180000,0x00000000ec180000,0x00000000ec400000)
 ParOldGen       total 68608K, used 20460K [0x00000000c0000000, 0x00000000c4300000, 0x00000000eab00000)
  object space 68608K, 29% used [0x00000000c0000000,0x00000000c13fb3b8,0x00000000c4300000)
 Metaspace       used 35272K, committed 35840K, reserved 1089536K
  class space    used 3579K, committed 3840K, reserved 1048576K
}
Event: 7.699 GC heap after
{Heap after GC invocations=15 (full 1):
 PSYoungGen      total 21504K, used 972K [0x00000000eab00000, 0x00000000ec280000, 0x0000000100000000)
  eden space 20480K, 0% used [0x00000000eab00000,0x00000000eab00000,0x00000000ebf00000)
  from space 1024K, 94% used [0x00000000ec180000,0x00000000ec2732d8,0x00000000ec280000)
  to   space 1536K, 0% used [0x00000000ebf80000,0x00000000ebf80000,0x00000000ec100000)
 ParOldGen       total 68608K, used 22791K [0x00000000c0000000, 0x00000000c4300000, 0x00000000eab00000)
  object space 68608K, 33% used [0x00000000c0000000,0x00000000c1641f90,0x00000000c4300000)
 Metaspace       used 35272K, committed 35840K, reserved 1089536K
  class space    used 3579K, committed 3840K, reserved 1048576K
}
Event: 7.699 GC heap before
{Heap before GC invocations=16 (full 2):
 PSYoungGen      total 21504K, used 972K [0x00000000eab00000, 0x00000000ec280000, 0x0000000100000000)
  eden space 20480K, 0% used [0x00000000eab00000,0x00000000eab00000,0x00000000ebf00000)
  from space 1024K, 94% used [0x00000000ec180000,0x00000000ec2732d8,0x00000000ec280000)
  to   space 1536K, 0% used [0x00000000ebf80000,0x00000000ebf80000,0x00000000ec100000)
 ParOldGen       total 68608K, used 22791K [0x00000000c0000000, 0x00000000c4300000, 0x00000000eab00000)
  object space 68608K, 33% used [0x00000000c0000000,0x00000000c1641f90,0x00000000c4300000)
 Metaspace       used 35272K, committed 35840K, reserved 1089536K
  class space    used 3579K, committed 3840K, reserved 1048576K
}

