# JRE version: OpenJDK Runtime Environment Temurin-17.0.4.1+1 (17.0.4.1+1) (build 17.0.4.1+1)
# Java VM: OpenJDK 64-Bit Server VM Temurin-17.0.4.1+1 (17.0.4.1+1, mixed mode, tiered, compressed oops, compressed class ptrs, parallel gc, windows-amd64)
GC Precious Log:
 CPUs: 8 total, 8 available
 Memory: 8085M
 Large Page Support: Disabled
 NUMA Support: Disabled
 Compressed Oops: Enabled (32-bit)
 Alignments: Space 512K, Generation 512K, Heap 2M
 Heap Min Capacity: 100M
 Heap Initial Capacity: 100M
 Heap Max Capacity: 1G
 Pre-touch: Disabled
 Parallel Workers: 8
Heap:
 PSYoungGen      total 23552K, used 13472K [0x00000000eab00000, 0x00000000ec600000, 0x0000000100000000)
  eden space 22016K, 56% used [0x00000000eab00000,0x00000000eb720100,0x00000000ec080000)
  from space 1536K, 68% used [0x00000000ec480000,0x00000000ec588000,0x00000000ec600000)
  to   space 1536K, 0% used [0x00000000ec300000,0x00000000ec300000,0x00000000ec480000)
 ParOldGen       total 68608K, used 15986K [0x00000000c0000000, 0x00000000c4300000, 0x00000000eab00000)
  object space 68608K, 23% used [0x00000000c0000000,0x00000000c0f9c998,0x00000000c4300000)
 Metaspace       used 45391K, committed 46272K, reserved 1097728K
  class space    used 4883K, committed 5248K, reserved 1048576K
GC Heap History (20 events):
Event: 3.079 GC heap before
{Heap before GC invocations=5 (full 1):
 PSYoungGen      total 29696K, used 4092K [0x00000000eab00000, 0x00000000ecc00000, 0x0000000100000000)
  eden space 25600K, 0% used [0x00000000eab00000,0x00000000eab00000,0x00000000ec400000)
  from space 4096K, 99% used [0x00000000ec800000,0x00000000ecbff320,0x00000000ecc00000)
  to   space 4096K, 0% used [0x00000000ec400000,0x00000000ec400000,0x00000000ec800000)
 ParOldGen       total 68608K, used 7217K [0x00000000c0000000, 0x00000000c4300000, 0x00000000eab00000)
  object space 68608K, 10% used [0x00000000c0000000,0x00000000c070c5d8,0x00000000c4300000)
 Metaspace       used 21033K, committed 21504K, reserved 1073152K
  class space    used 2114K, committed 2304K, reserved 1048576K
}
Event: 3.111 GC heap after
{Heap after GC invocations=5 (full 1):
 PSYoungGen      total 29696K, used 0K [0x00000000eab00000, 0x00000000ecc00000, 0x0000000100000000)
  eden space 25600K, 0% used [0x00000000eab00000,0x00000000eab00000,0x00000000ec400000)
  from space 4096K, 0% used [0x00000000ec800000,0x00000000ec800000,0x00000000ecc00000)
  to   space 4096K, 0% used [0x00000000ec400000,0x00000000ec400000,0x00000000ec800000)
 ParOldGen       total 68608K, used 11094K [0x00000000c0000000, 0x00000000c4300000, 0x00000000eab00000)
  object space 68608K, 16% used [0x00000000c0000000,0x00000000c0ad5ba8,0x00000000c4300000)
 Metaspace       used 21019K, committed 21504K, reserved 1073152K
  class space    used 2111K, committed 2304K, reserved 1048576K
}
Event: 3.594 GC heap before
{Heap before GC invocations=6 (full 1):
 PSYoungGen      total 29696K, used 25600K [0x00000000eab00000, 0x00000000ecc00000, 0x0000000100000000)
  eden space 25600K, 100% used [0x00000000eab00000,0x00000000ec400000,0x00000000ec400000)
  from space 4096K, 0% used [0x00000000ec800000,0x00000000ec800000,0x00000000ecc00000)
  to   space 4096K, 0% used [0x00000000ec400000,0x00000000ec400000,0x00000000ec800000)
 ParOldGen       total 68608K, used 11094K [0x00000000c0000000, 0x00000000c4300000, 0x00000000eab00000)
  object space 68608K, 16% used [0x00000000c0000000,0x00000000c0ad5ba8,0x00000000c4300000)
 Metaspace       used 24134K, committed 24704K, reserved 1073152K
  class space    used 2487K, committed 2816K, reserved 1048576K
}
Event: 3.596 GC heap after
{Heap after GC invocations=6 (full 1):
 PSYoungGen      total 27648K, used 2126K [0x00000000eab00000, 0x00000000ecb80000, 0x0000000100000000)
  eden space 25088K, 0% used [0x00000000eab00000,0x00000000eab00000,0x00000000ec380000)
  from space 2560K, 83% used [0x00000000ec400000,0x00000000ec6139c8,0x00000000ec680000)
  to   space 4096K, 0% used [0x00000000ec780000,0x00000000ec780000,0x00000000ecb80000)
 ParOldGen       total 68608K, used 11102K [0x00000000c0000000, 0x00000000c4300000, 0x00000000eab00000)
  object space 68608K, 16% used [0x00000000c0000000,0x00000000c0ad7ba8,0x00000000c4300000)
 Metaspace       used 24134K, committed 24704K, reserved 1073152K
  class space    used 2487K, committed 2816K, reserved 1048576K
}
Event: 3.880 GC heap before
{Heap before GC invocations=7 (full 1):
 PSYoungGen      total 27648K, used 27214K [0x00000000eab00000, 0x00000000ecb80000, 0x0000000100000000)
  eden space 25088K, 100% used [0x00000000eab00000,0x00000000ec380000,0x00000000ec380000)
  from space 2560K, 83% used [0x00000000ec400000,0x00000000ec6139c8,0x00000000ec680000)
  to   space 4096K, 0% used [0x00000000ec780000,0x00000000ec780000,0x00000000ecb80000)
 ParOldGen       total 68608K, used 11102K [0x00000000c0000000, 0x00000000c4300000, 0x00000000eab00000)
  object space 68608K, 16% used [0x00000000c0000000,0x00000000c0ad7ba8,0x00000000c4300000)
 Metaspace       used 27195K, committed 27776K, reserved 1081344K
  class space    used 2686K, committed 3008K, reserved 1048576K
}
Event: 3.882 GC heap after
{Heap after GC invocations=7 (full 1):
 PSYoungGen      total 27136K, used 2284K [0x00000000eab00000, 0x00000000eca00000, 0x0000000100000000)
  eden space 24576K, 0% used [0x00000000eab00000,0x00000000eab00000,0x00000000ec300000)
  from space 2560K, 89% used [0x00000000ec780000,0x00000000ec9bb3b8,0x00000000eca00000)
  to   space 2560K, 0% used [0x00000000ec500000,0x00000000ec500000,0x00000000ec780000)
 ParOldGen       total 68608K, used 11110K [0x00000000c0000000, 0x00000000c4300000, 0x00000000eab00000)
  object space 68608K, 16% used [0x00000000c0000000,0x00000000c0ad9ba8,0x00000000c4300000)
 Metaspace       used 27195K, committed 27776K, reserved 1081344K
  class space    used 2686K, committed 3008K, reserved 1048576K
}
Event: 4.096 GC heap before
{Heap before GC invocations=8 (full 1):
 PSYoungGen      total 27136K, used 26860K [0x00000000eab00000, 0x00000000eca00000, 0x0000000100000000)
  eden space 24576K, 100% used [0x00000000eab00000,0x00000000ec300000,0x00000000ec300000)
  from space 2560K, 89% used [0x00000000ec780000,0x00000000ec9bb3b8,0x00000000eca00000)
  to   space 2560K, 0% used [0x00000000ec500000,0x00000000ec500000,0x00000000ec780000)
 ParOldGen       total 68608K, used 11110K [0x00000000c0000000, 0x00000000c4300000, 0x00000000eab00000)
  object space 68608K, 16% used [0x00000000c0000000,0x00000000c0ad9ba8,0x00000000c4300000)
 Metaspace       used 29698K, committed 30336K, reserved 1081344K
  class space    used 2879K, committed 3200K, reserved 1048576K
}
Event: 4.098 GC heap after
{Heap after GC invocations=8 (full 1):
 PSYoungGen      total 26624K, used 2548K [0x00000000eab00000, 0x00000000ec880000, 0x0000000100000000)
  eden space 24064K, 0% used [0x00000000eab00000,0x00000000eab00000,0x00000000ec280000)
  from space 2560K, 99% used [0x00000000ec500000,0x00000000ec77d330,0x00000000ec780000)
  to   space 1024K, 0% used [0x00000000ec780000,0x00000000ec780000,0x00000000ec880000)
 ParOldGen       total 68608K, used 11118K [0x00000000c0000000, 0x00000000c4300000, 0x00000000eab00000)
  object space 68608K, 16% used [0x00000000c0000000,0x00000000c0adbba8,0x00000000c4300000)
 Metaspace       used 29698K, committed 30336K, reserved 1081344K
  class space    used 2879K, committed 3200K, reserved 1048576K
}
Event: 4.515 GC heap before
{Heap before GC invocations=9 (full 1):
 PSYoungGen      total 26624K, used 26612K [0x00000000eab00000, 0x00000000ec880000, 0x0000000100000000)
  eden space 24064K, 100% used [0x00000000eab00000,0x00000000ec280000,0x00000000ec280000)
  from space 2560K, 99% used [0x00000000ec500000,0x00000000ec77d330,0x00000000ec780000)
  to   space 1024K, 0% used [0x00000000ec780000,0x00000000ec780000,0x00000000ec880000)
 ParOldGen       total 68608K, used 11118K [0x00000000c0000000, 0x00000000c4300000, 0x00000000eab00000)
  object space 68608K, 16% used [0x00000000c0000000,0x00000000c0adbba8,0x00000000c4300000)
 Metaspace       used 32925K, committed 33664K, reserved 1081344K
  class space    used 3239K, committed 3520K, reserved 1048576K
}
Event: 4.520 GC heap after
{Heap after GC invocations=9 (full 1):
 PSYoungGen      total 24576K, used 1008K [0x00000000eab00000, 0x00000000ecc00000, 0x0000000100000000)
  eden space 23552K, 0% used [0x00000000eab00000,0x00000000eab00000,0x00000000ec200000)
  from space 1024K, 98% used [0x00000000ec780000,0x00000000ec87c028,0x00000000ec880000)
  to   space 5120K, 0% used [0x00000000ec200000,0x00000000ec200000,0x00000000ec700000)
 ParOldGen       total 68608K, used 14499K [0x00000000c0000000, 0x00000000c4300000, 0x00000000eab00000)
  object space 68608K, 21% used [0x00000000c0000000,0x00000000c0e28e18,0x00000000c4300000)
 Metaspace       used 32925K, committed 33664K, reserved 1081344K
  class space    used 3239K, committed 3520K, reserved 1048576K
}
Event: 4.739 GC heap before
{Heap before GC invocations=10 (full 1):
 PSYoungGen      total 24576K, used 18939K [0x00000000eab00000, 0x00000000ecc00000, 0x0000000100000000)
  eden space 23552K, 76% used [0x00000000eab00000,0x00000000ebc82e30,0x00000000ec200000)
  from space 1024K, 98% used [0x00000000ec780000,0x00000000ec87c028,0x00000000ec880000)
  to   space 5120K, 0% used [0x00000000ec200000,0x00000000ec200000,0x00000000ec700000)
 ParOldGen       total 68608K, used 14499K [0x00000000c0000000, 0x00000000c4300000, 0x00000000eab00000)
  object space 68608K, 21% used [0x00000000c0000000,0x00000000c0e28e18,0x00000000c4300000)
 Metaspace       used 35152K, committed 35840K, reserved 1081344K
  class space    used 3536K, committed 3840K, reserved 1048576K
}
Event: 4.741 GC heap after
{Heap after GC invocations=10 (full 1):
 PSYoungGen      total 25088K, used 1180K [0x00000000eab00000, 0x00000000ec800000, 0x0000000100000000)
  eden space 23552K, 0% used [0x00000000eab00000,0x00000000eab00000,0x00000000ec200000)
  from space 1536K, 76% used [0x00000000ec200000,0x00000000ec3271d0,0x00000000ec380000)
  to   space 2560K, 0% used [0x00000000ec580000,0x00000000ec580000,0x00000000ec800000)
 ParOldGen       total 68608K, used 15203K [0x00000000c0000000, 0x00000000c4300000, 0x00000000eab00000)
  object space 68608K, 22% used [0x00000000c0000000,0x00000000c0ed8f70,0x00000000c4300000)
 Metaspace       used 35152K, committed 35840K, reserved 1081344K
  class space    used 3536K, committed 3840K, reserved 1048576K
}
Event: 4.741 GC heap before
{Heap before GC invocations=11 (full 2):
 PSYoungGen      total 25088K, used 1180K [0x00000000eab00000, 0x00000000ec800000, 0x0000000100000000)
  eden space 23552K, 0% used [0x00000000eab00000,0x00000000eab00000,0x00000000ec200000)
  from space 1536K, 76% used [0x00000000ec200000,0x00000000ec3271d0,0x00000000ec380000)
  to   space 2560K, 0% used [0x00000000ec580000,0x00000000ec580000,0x00000000ec800000)
 ParOldGen       total 68608K, used 15203K [0x00000000c0000000, 0x00000000c4300000, 0x00000000eab00000)
  object space 68608K, 22% used [0x00000000c0000000,0x00000000c0ed8f70,0x00000000c4300000)
 Metaspace       used 35152K, committed 35840K, reserved 1081344K
  class space    used 3536K, committed 3840K, reserved 1048576K
}
Event: 4.774 GC heap after
{Heap after GC invocations=11 (full 2):
 PSYoungGen      total 25088K, used 0K [0x00000000eab00000, 0x00000000ec800000, 0x0000000100000000)
  eden space 23552K, 0% used [0x00000000eab00000,0x00000000eab00000,0x00000000ec200000)
  from space 1536K, 0% used [0x00000000ec200000,0x00000000ec200000,0x00000000ec380000)
  to   space 2560K, 0% used [0x00000000ec580000,0x00000000ec580000,0x00000000ec800000)
 ParOldGen       total 68608K, used 14021K [0x00000000c0000000, 0x00000000c4300000, 0x00000000eab00000)
  object space 68608K, 20% used [0x00000000c0000000,0x00000000c0db1688,0x00000000c4300000)
 Metaspace       used 35152K, committed 35840K, reserved 1081344K
  class space    used 3536K, committed 3840K, reserved 1048576K
}
Event: 5.183 GC heap before
{Heap before GC invocations=12 (full 2):
 PSYoungGen      total 25088K, used 23552K [0x00000000eab00000, 0x00000000ec800000, 0x0000000100000000)
  eden space 23552K, 100% used [0x00000000eab00000,0x00000000ec200000,0x00000000ec200000)
  from space 1536K, 0% used [0x00000000ec200000,0x00000000ec200000,0x00000000ec380000)
  to   space 2560K, 0% used [0x00000000ec580000,0x00000000ec580000,0x00000000ec800000)
 ParOldGen       total 68608K, used 14021K [0x00000000c0000000, 0x00000000c4300000, 0x00000000eab00000)
  object space 68608K, 20% used [0x00000000c0000000,0x00000000c0db1688,0x00000000c4300000)
 Metaspace       used 38779K, committed 39744K, reserved 1089536K
  class space    used 3999K, committed 4416K, reserved 1048576K
}
Event: 5.185 GC heap after
{Heap after GC invocations=12 (full 2):
 PSYoungGen      total 24576K, used 1464K [0x00000000eab00000, 0x00000000ec700000, 0x0000000100000000)
  eden space 23040K, 0% used [0x00000000eab00000,0x00000000eab00000,0x00000000ec180000)
  from space 1536K, 95% used [0x00000000ec580000,0x00000000ec6ee1d0,0x00000000ec700000)
  to   space 2048K, 0% used [0x00000000ec300000,0x00000000ec300000,0x00000000ec500000)
 ParOldGen       total 68608K, used 14029K [0x00000000c0000000, 0x00000000c4300000, 0x00000000eab00000)
  object space 68608K, 20% used [0x00000000c0000000,0x00000000c0db3688,0x00000000c4300000)
 Metaspace       used 38779K, committed 39744K, reserved 1089536K
  class space    used 3999K, committed 4416K, reserved 1048576K
}
Event: 5.543 GC heap before
{Heap before GC invocations=13 (full 2):
 PSYoungGen      total 24576K, used 24504K [0x00000000eab00000, 0x00000000ec700000, 0x0000000100000000)
  eden space 23040K, 100% used [0x00000000eab00000,0x00000000ec180000,0x00000000ec180000)
  from space 1536K, 95% used [0x00000000ec580000,0x00000000ec6ee1d0,0x00000000ec700000)
  to   space 2048K, 0% used [0x00000000ec300000,0x00000000ec300000,0x00000000ec500000)
 ParOldGen       total 68608K, used 14029K [0x00000000c0000000, 0x00000000c4300000, 0x00000000eab00000)
  object space 68608K, 20% used [0x00000000c0000000,0x00000000c0db3688,0x00000000c4300000)
 Metaspace       used 40892K, committed 41728K, reserved 1089536K
  class space    used 4308K, committed 4672K, reserved 1048576K
}
Event: 5.545 GC heap after
{Heap after GC invocations=13 (full 2):
 PSYoungGen      total 23552K, used 864K [0x00000000eab00000, 0x00000000ec600000, 0x0000000100000000)
  eden space 22528K, 0% used [0x00000000eab00000,0x00000000eab00000,0x00000000ec100000)
  from space 1024K, 84% used [0x00000000ec300000,0x00000000ec3d8000,0x00000000ec400000)
  to   space 1536K, 0% used [0x00000000ec480000,0x00000000ec480000,0x00000000ec600000)
 ParOldGen       total 68608K, used 15278K [0x00000000c0000000, 0x00000000c4300000, 0x00000000eab00000)
  object space 68608K, 22% used [0x00000000c0000000,0x00000000c0eeb910,0x00000000c4300000)
 Metaspace       used 40892K, committed 41728K, reserved 1089536K
  class space    used 4308K, committed 4672K, reserved 1048576K
}
Event: 6.111 GC heap before
{Heap before GC invocations=14 (full 2):
 PSYoungGen      total 23552K, used 23392K [0x00000000eab00000, 0x00000000ec600000, 0x0000000100000000)
  eden space 22528K, 100% used [0x00000000eab00000,0x00000000ec100000,0x00000000ec100000)
  from space 1024K, 84% used [0x00000000ec300000,0x00000000ec3d8000,0x00000000ec400000)
  to   space 1536K, 0% used [0x00000000ec480000,0x00000000ec480000,0x00000000ec600000)
 ParOldGen       total 68608K, used 15278K [0x00000000c0000000, 0x00000000c4300000, 0x00000000eab00000)
  object space 68608K, 22% used [0x00000000c0000000,0x00000000c0eeb910,0x00000000c4300000)
 Metaspace       used 43813K, committed 44672K, reserved 1089536K
  class space    used 4669K, committed 5056K, reserved 1048576K
}
Event: 6.114 GC heap after
{Heap after GC invocations=14 (full 2):
 PSYoungGen      total 23552K, used 1056K [0x00000000eab00000, 0x00000000ec600000, 0x0000000100000000)
  eden space 22016K, 0% used [0x00000000eab00000,0x00000000eab00000,0x00000000ec080000)
  from space 1536K, 68% used [0x00000000ec480000,0x00000000ec588000,0x00000000ec600000)
  to   space 1536K, 0% used [0x00000000ec300000,0x00000000ec300000,0x00000000ec480000)
 ParOldGen       total 68608K, used 15986K [0x00000000c0000000, 0x00000000c4300000, 0x00000000eab00000)
  object space 68608K, 23% used [0x00000000c0000000,0x00000000c0f9c998,0x00000000c4300000)
 Metaspace       used 43813K, committed 44672K, reserved 1089536K
  class space    used 4669K, committed 5056K, reserved 1048576K
}

