# JRE version: OpenJDK Runtime Environment Temurin-17.0.4+8 (17.0.4+8) (build 17.0.4+8)
# Java VM: OpenJDK 64-Bit Server VM Temurin-17.0.4+8 (17.0.4+8, mixed mode, tiered, compressed oops, compressed class ptrs, parallel gc, windows-amd64)
GC Precious Log:
 CPUs: 8 total, 8 available
 Memory: 8085M
 Large Page Support: Disabled
 NUMA Support: Disabled
 Compressed Oops: Enabled (32-bit)
 Alignments: Space 512K, Generation 512K, Heap 2M
 Heap Min Capacity: 100M
 Heap Initial Capacity: 100M
 Heap Max Capacity: 1G
 Pre-touch: Disabled
 Parallel Workers: 8
Heap:
 PSYoungGen      total 48640K, used 27136K [0x00000000eab00000, 0x00000000eef80000, 0x0000000100000000)
  eden space 27136K, 100% used [0x00000000eab00000,0x00000000ec580000,0x00000000ec580000)
  from space 21504K, 0% used [0x00000000eda80000,0x00000000eda80000,0x00000000eef80000)
  to   space 21504K, 68% used [0x00000000ec580000,0x00000000ed3f3200,0x00000000eda80000)
 ParOldGen       total 294400K, used 228544K [0x00000000c0000000, 0x00000000d1f80000, 0x00000000eab00000)
  object space 294400K, 77% used [0x00000000c0000000,0x00000000cdf30228,0x00000000d1f80000)
 Metaspace       used 84870K, committed 86976K, reserved 1130496K
  class space    used 8882K, committed 9600K, reserved 1048576K
GC Heap History (20 events):
Event: 185.167 GC heap after
{Heap after GC invocations=607 (full 19):
 PSYoungGen      total 39424K, used 6642K [0x00000000eab00000, 0x00000000ed900000, 0x0000000100000000)
  eden space 32768K, 0% used [0x00000000eab00000,0x00000000eab00000,0x00000000ecb00000)
  from space 6656K, 99% used [0x00000000ecd00000,0x00000000ed37cbd8,0x00000000ed380000)
  to   space 5632K, 0% used [0x00000000ed380000,0x00000000ed380000,0x00000000ed900000)
 ParOldGen       total 284672K, used 271665K [0x00000000c0000000, 0x00000000d1600000, 0x00000000eab00000)
  object space 284672K, 95% used [0x00000000c0000000,0x00000000d094c7f8,0x00000000d1600000)
 Metaspace       used 84308K, committed 85632K, reserved 1130496K
  class space    used 8824K, committed 9408K, reserved 1048576K
}
Event: 185.273 GC heap before
{Heap before GC invocations=608 (full 19):
 PSYoungGen      total 39424K, used 39410K [0x00000000eab00000, 0x00000000ed900000, 0x0000000100000000)
  eden space 32768K, 100% used [0x00000000eab00000,0x00000000ecb00000,0x00000000ecb00000)
  from space 6656K, 99% used [0x00000000ecd00000,0x00000000ed37cbd8,0x00000000ed380000)
  to   space 5632K, 0% used [0x00000000ed380000,0x00000000ed380000,0x00000000ed900000)
 ParOldGen       total 284672K, used 271665K [0x00000000c0000000, 0x00000000d1600000, 0x00000000eab00000)
  object space 284672K, 95% used [0x00000000c0000000,0x00000000d094c7f8,0x00000000d1600000)
 Metaspace       used 84311K, committed 85632K, reserved 1130496K
  class space    used 8824K, committed 9408K, reserved 1048576K
}
Event: 185.278 GC heap after
{Heap after GC invocations=608 (full 19):
 PSYoungGen      total 37888K, used 5616K [0x00000000eab00000, 0x00000000ed900000, 0x0000000100000000)
  eden space 32256K, 0% used [0x00000000eab00000,0x00000000eab00000,0x00000000eca80000)
  from space 5632K, 99% used [0x00000000ed380000,0x00000000ed8fc0f0,0x00000000ed900000)
  to   space 6656K, 0% used [0x00000000ecc00000,0x00000000ecc00000,0x00000000ed280000)
 ParOldGen       total 284672K, used 272568K [0x00000000c0000000, 0x00000000d1600000, 0x00000000eab00000)
  object space 284672K, 95% used [0x00000000c0000000,0x00000000d0a2e238,0x00000000d1600000)
 Metaspace       used 84311K, committed 85632K, reserved 1130496K
  class space    used 8824K, committed 9408K, reserved 1048576K
}
Event: 185.403 GC heap before
{Heap before GC invocations=609 (full 19):
 PSYoungGen      total 37888K, used 37872K [0x00000000eab00000, 0x00000000ed900000, 0x0000000100000000)
  eden space 32256K, 100% used [0x00000000eab00000,0x00000000eca80000,0x00000000eca80000)
  from space 5632K, 99% used [0x00000000ed380000,0x00000000ed8fc0f0,0x00000000ed900000)
  to   space 6656K, 0% used [0x00000000ecc00000,0x00000000ecc00000,0x00000000ed280000)
 ParOldGen       total 284672K, used 272568K [0x00000000c0000000, 0x00000000d1600000, 0x00000000eab00000)
  object space 284672K, 95% used [0x00000000c0000000,0x00000000d0a2e238,0x00000000d1600000)
 Metaspace       used 84395K, committed 85696K, reserved 1130496K
  class space    used 8828K, committed 9408K, reserved 1048576K
}
Event: 185.409 GC heap after
{Heap after GC invocations=609 (full 19):
 PSYoungGen      total 37888K, used 5953K [0x00000000eab00000, 0x00000000ed700000, 0x0000000100000000)
  eden space 31744K, 0% used [0x00000000eab00000,0x00000000eab00000,0x00000000eca00000)
  from space 6144K, 96% used [0x00000000ecc00000,0x00000000ed1d0718,0x00000000ed200000)
  to   space 5120K, 0% used [0x00000000ed200000,0x00000000ed200000,0x00000000ed700000)
 ParOldGen       total 284672K, used 273670K [0x00000000c0000000, 0x00000000d1600000, 0x00000000eab00000)
  object space 284672K, 96% used [0x00000000c0000000,0x00000000d0b41b68,0x00000000d1600000)
 Metaspace       used 84395K, committed 85696K, reserved 1130496K
  class space    used 8828K, committed 9408K, reserved 1048576K
}
Event: 185.538 GC heap before
{Heap before GC invocations=610 (full 19):
 PSYoungGen      total 37888K, used 37679K [0x00000000eab00000, 0x00000000ed700000, 0x0000000100000000)
  eden space 31744K, 99% used [0x00000000eab00000,0x00000000ec9fb7f0,0x00000000eca00000)
  from space 6144K, 96% used [0x00000000ecc00000,0x00000000ed1d0718,0x00000000ed200000)
  to   space 5120K, 0% used [0x00000000ed200000,0x00000000ed200000,0x00000000ed700000)
 ParOldGen       total 284672K, used 273670K [0x00000000c0000000, 0x00000000d1600000, 0x00000000eab00000)
  object space 284672K, 96% used [0x00000000c0000000,0x00000000d0b41b68,0x00000000d1600000)
 Metaspace       used 84605K, committed 85888K, reserved 1130496K
  class space    used 8839K, committed 9408K, reserved 1048576K
}
Event: 185.544 GC heap after
{Heap after GC invocations=610 (full 19):
 PSYoungGen      total 36352K, used 5118K [0x00000000eab00000, 0x00000000eda80000, 0x0000000100000000)
  eden space 31232K, 0% used [0x00000000eab00000,0x00000000eab00000,0x00000000ec980000)
  from space 5120K, 99% used [0x00000000ed200000,0x00000000ed6ffa60,0x00000000ed700000)
  to   space 8704K, 0% used [0x00000000ec980000,0x00000000ec980000,0x00000000ed200000)
 ParOldGen       total 284672K, used 276448K [0x00000000c0000000, 0x00000000d1600000, 0x00000000eab00000)
  object space 284672K, 97% used [0x00000000c0000000,0x00000000d0df8020,0x00000000d1600000)
 Metaspace       used 84605K, committed 85888K, reserved 1130496K
  class space    used 8839K, committed 9408K, reserved 1048576K
}
Event: 185.638 GC heap before
{Heap before GC invocations=611 (full 19):
 PSYoungGen      total 36352K, used 36350K [0x00000000eab00000, 0x00000000eda80000, 0x0000000100000000)
  eden space 31232K, 100% used [0x00000000eab00000,0x00000000ec980000,0x00000000ec980000)
  from space 5120K, 99% used [0x00000000ed200000,0x00000000ed6ffa60,0x00000000ed700000)
  to   space 8704K, 0% used [0x00000000ec980000,0x00000000ec980000,0x00000000ed200000)
 ParOldGen       total 284672K, used 276448K [0x00000000c0000000, 0x00000000d1600000, 0x00000000eab00000)
  object space 284672K, 97% used [0x00000000c0000000,0x00000000d0df8020,0x00000000d1600000)
 Metaspace       used 84998K, committed 86336K, reserved 1130496K
  class space    used 8871K, committed 9472K, reserved 1048576K
}
Event: 185.643 GC heap after
{Heap after GC invocations=611 (full 19):
 PSYoungGen      total 38400K, used 7661K [0x00000000eab00000, 0x00000000ed900000, 0x0000000100000000)
  eden space 30720K, 0% used [0x00000000eab00000,0x00000000eab00000,0x00000000ec900000)
  from space 7680K, 99% used [0x00000000ec980000,0x00000000ed0fb760,0x00000000ed100000)
  to   space 8192K, 0% used [0x00000000ed100000,0x00000000ed100000,0x00000000ed900000)
 ParOldGen       total 284672K, used 276672K [0x00000000c0000000, 0x00000000d1600000, 0x00000000eab00000)
  object space 284672K, 97% used [0x00000000c0000000,0x00000000d0e30020,0x00000000d1600000)
 Metaspace       used 84998K, committed 86336K, reserved 1130496K
  class space    used 8871K, committed 9472K, reserved 1048576K
}
Event: 189.667 GC heap before
{Heap before GC invocations=612 (full 19):
 PSYoungGen      total 38400K, used 38381K [0x00000000eab00000, 0x00000000ed900000, 0x0000000100000000)
  eden space 30720K, 100% used [0x00000000eab00000,0x00000000ec900000,0x00000000ec900000)
  from space 7680K, 99% used [0x00000000ec980000,0x00000000ed0fb760,0x00000000ed100000)
  to   space 8192K, 0% used [0x00000000ed100000,0x00000000ed100000,0x00000000ed900000)
 ParOldGen       total 284672K, used 276672K [0x00000000c0000000, 0x00000000d1600000, 0x00000000eab00000)
  object space 284672K, 97% used [0x00000000c0000000,0x00000000d0e30020,0x00000000d1600000)
 Metaspace       used 85475K, committed 86720K, reserved 1130496K
  class space    used 8919K, committed 9472K, reserved 1048576K
}
Event: 189.673 GC heap after
{Heap after GC invocations=612 (full 19):
 PSYoungGen      total 35328K, used 8171K [0x00000000eab00000, 0x00000000edf80000, 0x0000000100000000)
  eden space 27136K, 0% used [0x00000000eab00000,0x00000000eab00000,0x00000000ec580000)
  from space 8192K, 99% used [0x00000000ed100000,0x00000000ed8faf80,0x00000000ed900000)
  to   space 11776K, 0% used [0x00000000ec580000,0x00000000ec580000,0x00000000ed100000)
 ParOldGen       total 284672K, used 279555K [0x00000000c0000000, 0x00000000d1600000, 0x00000000eab00000)
  object space 284672K, 98% used [0x00000000c0000000,0x00000000d1100e50,0x00000000d1600000)
 Metaspace       used 85475K, committed 86720K, reserved 1130496K
  class space    used 8919K, committed 9472K, reserved 1048576K
}
Event: 191.508 GC heap before
{Heap before GC invocations=613 (full 19):
 PSYoungGen      total 35328K, used 35307K [0x00000000eab00000, 0x00000000edf80000, 0x0000000100000000)
  eden space 27136K, 99% used [0x00000000eab00000,0x00000000ec57ffd8,0x00000000ec580000)
  from space 8192K, 99% used [0x00000000ed100000,0x00000000ed8faf80,0x00000000ed900000)
  to   space 11776K, 0% used [0x00000000ec580000,0x00000000ec580000,0x00000000ed100000)
 ParOldGen       total 284672K, used 279555K [0x00000000c0000000, 0x00000000d1600000, 0x00000000eab00000)
  object space 284672K, 98% used [0x00000000c0000000,0x00000000d1100e50,0x00000000d1600000)
 Metaspace       used 85620K, committed 87040K, reserved 1130496K
  class space    used 8927K, committed 9536K, reserved 1048576K
}
Event: 191.515 GC heap after
{Heap after GC invocations=613 (full 19):
 PSYoungGen      total 37888K, used 10253K [0x00000000eab00000, 0x00000000eda80000, 0x0000000100000000)
  eden space 27136K, 0% used [0x00000000eab00000,0x00000000eab00000,0x00000000ec580000)
  from space 10752K, 95% used [0x00000000ec580000,0x00000000ecf83448,0x00000000ed000000)
  to   space 10752K, 0% used [0x00000000ed000000,0x00000000ed000000,0x00000000eda80000)
 ParOldGen       total 284672K, used 280331K [0x00000000c0000000, 0x00000000d1600000, 0x00000000eab00000)
  object space 284672K, 98% used [0x00000000c0000000,0x00000000d11c2cd8,0x00000000d1600000)
 Metaspace       used 85620K, committed 87040K, reserved 1130496K
  class space    used 8927K, committed 9536K, reserved 1048576K
}
Event: 191.902 GC heap before
{Heap before GC invocations=614 (full 19):
 PSYoungGen      total 37888K, used 37207K [0x00000000eab00000, 0x00000000eda80000, 0x0000000100000000)
  eden space 27136K, 99% used [0x00000000eab00000,0x00000000ec5527e8,0x00000000ec580000)
  from space 10752K, 95% used [0x00000000ec580000,0x00000000ecf83448,0x00000000ed000000)
  to   space 10752K, 0% used [0x00000000ed000000,0x00000000ed000000,0x00000000eda80000)
 ParOldGen       total 284672K, used 280331K [0x00000000c0000000, 0x00000000d1600000, 0x00000000eab00000)
  object space 284672K, 98% used [0x00000000c0000000,0x00000000d11c2cd8,0x00000000d1600000)
 Metaspace       used 86207K, committed 87552K, reserved 1130496K
  class space    used 9008K, committed 9600K, reserved 1048576K
}
Event: 191.908 GC heap after
{Heap after GC invocations=614 (full 19):
 PSYoungGen      total 37888K, used 10331K [0x00000000eab00000, 0x00000000eda80000, 0x0000000100000000)
  eden space 27136K, 0% used [0x00000000eab00000,0x00000000eab00000,0x00000000ec580000)
  from space 10752K, 96% used [0x00000000ed000000,0x00000000eda16e80,0x00000000eda80000)
  to   space 10752K, 0% used [0x00000000ec580000,0x00000000ec580000,0x00000000ed000000)
 ParOldGen       total 284672K, used 280339K [0x00000000c0000000, 0x00000000d1600000, 0x00000000eab00000)
  object space 284672K, 98% used [0x00000000c0000000,0x00000000d11c4cd8,0x00000000d1600000)
 Metaspace       used 86207K, committed 87552K, reserved 1130496K
  class space    used 9008K, committed 9600K, reserved 1048576K
}
Event: 192.151 GC heap before
{Heap before GC invocations=615 (full 19):
 PSYoungGen      total 37888K, used 37467K [0x00000000eab00000, 0x00000000eda80000, 0x0000000100000000)
  eden space 27136K, 100% used [0x00000000eab00000,0x00000000ec580000,0x00000000ec580000)
  from space 10752K, 96% used [0x00000000ed000000,0x00000000eda16e80,0x00000000eda80000)
  to   space 10752K, 0% used [0x00000000ec580000,0x00000000ec580000,0x00000000ed000000)
 ParOldGen       total 284672K, used 280339K [0x00000000c0000000, 0x00000000d1600000, 0x00000000eab00000)
  object space 284672K, 98% used [0x00000000c0000000,0x00000000d11c4cd8,0x00000000d1600000)
 Metaspace       used 86405K, committed 87744K, reserved 1130496K
  class space    used 9031K, committed 9600K, reserved 1048576K
}
Event: 192.162 GC heap after
{Heap after GC invocations=615 (full 19):
 PSYoungGen      total 37888K, used 10733K [0x00000000eab00000, 0x00000000eef80000, 0x0000000100000000)
  eden space 27136K, 0% used [0x00000000eab00000,0x00000000eab00000,0x00000000ec580000)
  from space 10752K, 99% used [0x00000000ec580000,0x00000000ecffb7b0,0x00000000ed000000)
  to   space 21504K, 0% used [0x00000000eda80000,0x00000000eda80000,0x00000000eef80000)
 ParOldGen       total 289792K, used 289463K [0x00000000c0000000, 0x00000000d1b00000, 0x00000000eab00000)
  object space 289792K, 99% used [0x00000000c0000000,0x00000000d1aadf18,0x00000000d1b00000)
 Metaspace       used 86405K, committed 87744K, reserved 1130496K
  class space    used 9031K, committed 9600K, reserved 1048576K
}
Event: 192.162 GC heap before
{Heap before GC invocations=616 (full 20):
 PSYoungGen      total 37888K, used 10733K [0x00000000eab00000, 0x00000000eef80000, 0x0000000100000000)
  eden space 27136K, 0% used [0x00000000eab00000,0x00000000eab00000,0x00000000ec580000)
  from space 10752K, 99% used [0x00000000ec580000,0x00000000ecffb7b0,0x00000000ed000000)
  to   space 21504K, 0% used [0x00000000eda80000,0x00000000eda80000,0x00000000eef80000)
 ParOldGen       total 289792K, used 289463K [0x00000000c0000000, 0x00000000d1b00000, 0x00000000eab00000)
  object space 289792K, 99% used [0x00000000c0000000,0x00000000d1aadf18,0x00000000d1b00000)
 Metaspace       used 86405K, committed 87744K, reserved 1130496K
  class space    used 9031K, committed 9600K, reserved 1048576K
}
Event: 192.300 GC heap after
{Heap after GC invocations=616 (full 20):
 PSYoungGen      total 48640K, used 0K [0x00000000eab00000, 0x00000000eef80000, 0x0000000100000000)
  eden space 27136K, 0% used [0x00000000eab00000,0x00000000eab00000,0x00000000ec580000)
  from space 21504K, 0% used [0x00000000eda80000,0x00000000eda80000,0x00000000eef80000)
  to   space 21504K, 0% used [0x00000000ec580000,0x00000000ec580000,0x00000000eda80000)
 ParOldGen       total 294400K, used 228544K [0x00000000c0000000, 0x00000000d1f80000, 0x00000000eab00000)
  object space 294400K, 77% used [0x00000000c0000000,0x00000000cdf30228,0x00000000d1f80000)
 Metaspace       used 84845K, committed 86976K, reserved 1130496K
  class space    used 8880K, committed 9600K, reserved 1048576K
}
Event: 192.374 GC heap before
{Heap before GC invocations=617 (full 20):
 PSYoungGen      total 48640K, used 27136K [0x00000000eab00000, 0x00000000eef80000, 0x0000000100000000)
  eden space 27136K, 100% used [0x00000000eab00000,0x00000000ec580000,0x00000000ec580000)
  from space 21504K, 0% used [0x00000000eda80000,0x00000000eda80000,0x00000000eef80000)
  to   space 21504K, 0% used [0x00000000ec580000,0x00000000ec580000,0x00000000eda80000)
 ParOldGen       total 294400K, used 228544K [0x00000000c0000000, 0x00000000d1f80000, 0x00000000eab00000)
  object space 294400K, 77% used [0x00000000c0000000,0x00000000cdf30228,0x00000000d1f80000)
 Metaspace       used 84870K, committed 86976K, reserved 1130496K
  class space    used 8882K, committed 9600K, reserved 1048576K
}

