# JRE version: OpenJDK Runtime Environment Temurin-17.0.4+8 (17.0.4+8) (build 17.0.4+8)
# Java VM: OpenJDK 64-Bit Server VM Temurin-17.0.4+8 (17.0.4+8, mixed mode, tiered, compressed oops, compressed class ptrs, parallel gc, windows-amd64)
GC Precious Log:
 CPUs: 8 total, 8 available
 Memory: 8085M
 Large Page Support: Disabled
 NUMA Support: Disabled
 Compressed Oops: Enabled (32-bit)
 Alignments: Space 512K, Generation 512K, Heap 2M
 Heap Min Capacity: 100M
 Heap Initial Capacity: 100M
 Heap Max Capacity: 1G
 Pre-touch: Disabled
 Parallel Workers: 8
Heap:
 PSYoungGen      total 8192K, used 7832K [0x00000000eab00000, 0x00000000eb600000, 0x0000000100000000)
  eden space 5120K, 100% used [0x00000000eab00000,0x00000000eb000000,0x00000000eb000000)
  from space 3072K, 88% used [0x00000000eb100000,0x00000000eb3a6000,0x00000000eb400000)
  to   space 2048K, 0% used [0x00000000eb400000,0x00000000eb400000,0x00000000eb600000)
 ParOldGen       total 164864K, used 162538K [0x00000000c0000000, 0x00000000ca100000, 0x00000000eab00000)
  object space 164864K, 98% used [0x00000000c0000000,0x00000000c9eba900,0x00000000ca100000)
 Metaspace       used 98620K, committed 100032K, reserved 1146880K
  class space    used 9640K, committed 10304K, reserved 1048576K
GC Heap History (20 events):
Event: 4162.883 GC heap before
{Heap before GC invocations=9481 (full 211):
 PSYoungGen      total 4096K, used 1472K [0x00000000eab00000, 0x00000000eb600000, 0x0000000100000000)
  eden space 512K, 100% used [0x00000000eab00000,0x00000000eab80000,0x00000000eab80000)
  from space 3584K, 26% used [0x00000000eaf80000,0x00000000eb070000,0x00000000eb300000)
  to   space 1536K, 0% used [0x00000000eb480000,0x00000000eb480000,0x00000000eb600000)
 ParOldGen       total 164864K, used 116339K [0x00000000c0000000, 0x00000000ca100000, 0x00000000eab00000)
  object space 164864K, 70% used [0x00000000c0000000,0x00000000c719cca0,0x00000000ca100000)
 Metaspace       used 98620K, committed 100032K, reserved 1146880K
  class space    used 9640K, committed 10304K, reserved 1048576K
}
Event: 4162.885 GC heap after
{Heap after GC invocations=9481 (full 211):
 PSYoungGen      total 2048K, used 1472K [0x00000000eab00000, 0x00000000eb600000, 0x0000000100000000)
  eden space 512K, 0% used [0x00000000eab00000,0x00000000eab00000,0x00000000eab80000)
  from space 1536K, 95% used [0x00000000eb480000,0x00000000eb5f0000,0x00000000eb600000)
  to   space 2048K, 0% used [0x00000000eb200000,0x00000000eb200000,0x00000000eb400000)
 ParOldGen       total 164864K, used 116339K [0x00000000c0000000, 0x00000000ca100000, 0x00000000eab00000)
  object space 164864K, 70% used [0x00000000c0000000,0x00000000c719cca0,0x00000000ca100000)
 Metaspace       used 98620K, committed 100032K, reserved 1146880K
  class space    used 9640K, committed 10304K, reserved 1048576K
}
Event: 4162.887 GC heap before
{Heap before GC invocations=9482 (full 211):
 PSYoungGen      total 2048K, used 1984K [0x00000000eab00000, 0x00000000eb600000, 0x0000000100000000)
  eden space 512K, 100% used [0x00000000eab00000,0x00000000eab80000,0x00000000eab80000)
  from space 1536K, 95% used [0x00000000eb480000,0x00000000eb5f0000,0x00000000eb600000)
  to   space 2048K, 0% used [0x00000000eb200000,0x00000000eb200000,0x00000000eb400000)
 ParOldGen       total 164864K, used 116339K [0x00000000c0000000, 0x00000000ca100000, 0x00000000eab00000)
  object space 164864K, 70% used [0x00000000c0000000,0x00000000c719cca0,0x00000000ca100000)
 Metaspace       used 98620K, committed 100032K, reserved 1146880K
  class space    used 9640K, committed 10304K, reserved 1048576K
}
Event: 4162.889 GC heap after
{Heap after GC invocations=9482 (full 211):
 PSYoungGen      total 3072K, used 1920K [0x00000000eab00000, 0x00000000eb500000, 0x0000000100000000)
  eden space 1024K, 0% used [0x00000000eab00000,0x00000000eab00000,0x00000000eac00000)
  from space 2048K, 93% used [0x00000000eb200000,0x00000000eb3e0000,0x00000000eb400000)
  to   space 1024K, 0% used [0x00000000eb400000,0x00000000eb400000,0x00000000eb500000)
 ParOldGen       total 164864K, used 116339K [0x00000000c0000000, 0x00000000ca100000, 0x00000000eab00000)
  object space 164864K, 70% used [0x00000000c0000000,0x00000000c719cca0,0x00000000ca100000)
 Metaspace       used 98620K, committed 100032K, reserved 1146880K
  class space    used 9640K, committed 10304K, reserved 1048576K
}
Event: 4162.892 GC heap before
{Heap before GC invocations=9483 (full 211):
 PSYoungGen      total 3072K, used 2944K [0x00000000eab00000, 0x00000000eb500000, 0x0000000100000000)
  eden space 1024K, 100% used [0x00000000eab00000,0x00000000eac00000,0x00000000eac00000)
  from space 2048K, 93% used [0x00000000eb200000,0x00000000eb3e0000,0x00000000eb400000)
  to   space 1024K, 0% used [0x00000000eb400000,0x00000000eb400000,0x00000000eb500000)
 ParOldGen       total 164864K, used 116339K [0x00000000c0000000, 0x00000000ca100000, 0x00000000eab00000)
  object space 164864K, 70% used [0x00000000c0000000,0x00000000c719cca0,0x00000000ca100000)
 Metaspace       used 98620K, committed 100032K, reserved 1146880K
  class space    used 9640K, committed 10304K, reserved 1048576K
}
Event: 4162.894 GC heap after
{Heap after GC invocations=9483 (full 211):
 PSYoungGen      total 2560K, used 1024K [0x00000000eab00000, 0x00000000eb500000, 0x0000000100000000)
  eden space 1536K, 0% used [0x00000000eab00000,0x00000000eab00000,0x00000000eac80000)
  from space 1024K, 100% used [0x00000000eb400000,0x00000000eb500000,0x00000000eb500000)
  to   space 3072K, 0% used [0x00000000eaf00000,0x00000000eaf00000,0x00000000eb200000)
 ParOldGen       total 164864K, used 117931K [0x00000000c0000000, 0x00000000ca100000, 0x00000000eab00000)
  object space 164864K, 71% used [0x00000000c0000000,0x00000000c732aca0,0x00000000ca100000)
 Metaspace       used 98620K, committed 100032K, reserved 1146880K
  class space    used 9640K, committed 10304K, reserved 1048576K
}
Event: 4162.898 GC heap before
{Heap before GC invocations=9484 (full 211):
 PSYoungGen      total 2560K, used 2560K [0x00000000eab00000, 0x00000000eb500000, 0x0000000100000000)
  eden space 1536K, 100% used [0x00000000eab00000,0x00000000eac80000,0x00000000eac80000)
  from space 1024K, 100% used [0x00000000eb400000,0x00000000eb500000,0x00000000eb500000)
  to   space 3072K, 0% used [0x00000000eaf00000,0x00000000eaf00000,0x00000000eb200000)
 ParOldGen       total 164864K, used 117931K [0x00000000c0000000, 0x00000000ca100000, 0x00000000eab00000)
  object space 164864K, 71% used [0x00000000c0000000,0x00000000c732aca0,0x00000000ca100000)
 Metaspace       used 98620K, committed 100032K, reserved 1146880K
  class space    used 9640K, committed 10304K, reserved 1048576K
}
Event: 4162.902 GC heap after
{Heap after GC invocations=9484 (full 211):
 PSYoungGen      total 5120K, used 2112K [0x00000000eab00000, 0x00000000eb480000, 0x0000000100000000)
  eden space 2048K, 0% used [0x00000000eab00000,0x00000000eab00000,0x00000000ead00000)
  from space 3072K, 68% used [0x00000000eaf00000,0x00000000eb110000,0x00000000eb200000)
  to   space 2560K, 0% used [0x00000000eb200000,0x00000000eb200000,0x00000000eb480000)
 ParOldGen       total 164864K, used 118371K [0x00000000c0000000, 0x00000000ca100000, 0x00000000eab00000)
  object space 164864K, 71% used [0x00000000c0000000,0x00000000c7398ca0,0x00000000ca100000)
 Metaspace       used 98620K, committed 100032K, reserved 1146880K
  class space    used 9640K, committed 10304K, reserved 1048576K
}
Event: 4162.910 GC heap before
{Heap before GC invocations=9485 (full 211):
 PSYoungGen      total 5120K, used 3942K [0x00000000eab00000, 0x00000000eb480000, 0x0000000100000000)
  eden space 2048K, 89% used [0x00000000eab00000,0x00000000eacc9b00,0x00000000ead00000)
  from space 3072K, 68% used [0x00000000eaf00000,0x00000000eb110000,0x00000000eb200000)
  to   space 2560K, 0% used [0x00000000eb200000,0x00000000eb200000,0x00000000eb480000)
 ParOldGen       total 164864K, used 118371K [0x00000000c0000000, 0x00000000ca100000, 0x00000000eab00000)
  object space 164864K, 71% used [0x00000000c0000000,0x00000000c7398ca0,0x00000000ca100000)
 Metaspace       used 98620K, committed 100032K, reserved 1146880K
  class space    used 9640K, committed 10304K, reserved 1048576K
}
Event: 4162.913 GC heap after
{Heap after GC invocations=9485 (full 211):
 PSYoungGen      total 5120K, used 2547K [0x00000000eab00000, 0x00000000eb580000, 0x0000000100000000)
  eden space 2560K, 0% used [0x00000000eab00000,0x00000000eab00000,0x00000000ead80000)
  from space 2560K, 99% used [0x00000000eb200000,0x00000000eb47cc20,0x00000000eb480000)
  to   space 4096K, 0% used [0x00000000ead80000,0x00000000ead80000,0x00000000eb180000)
 ParOldGen       total 164864K, used 119275K [0x00000000c0000000, 0x00000000ca100000, 0x00000000eab00000)
  object space 164864K, 72% used [0x00000000c0000000,0x00000000c747aca0,0x00000000ca100000)
 Metaspace       used 98620K, committed 100032K, reserved 1146880K
  class space    used 9640K, committed 10304K, reserved 1048576K
}
Event: 4162.918 GC heap before
{Heap before GC invocations=9486 (full 211):
 PSYoungGen      total 5120K, used 5062K [0x00000000eab00000, 0x00000000eb580000, 0x0000000100000000)
  eden space 2560K, 98% used [0x00000000eab00000,0x00000000ead74de8,0x00000000ead80000)
  from space 2560K, 99% used [0x00000000eb200000,0x00000000eb47cc20,0x00000000eb480000)
  to   space 4096K, 0% used [0x00000000ead80000,0x00000000ead80000,0x00000000eb180000)
 ParOldGen       total 164864K, used 119275K [0x00000000c0000000, 0x00000000ca100000, 0x00000000eab00000)
  object space 164864K, 72% used [0x00000000c0000000,0x00000000c747aca0,0x00000000ca100000)
 Metaspace       used 98620K, committed 100032K, reserved 1146880K
  class space    used 9640K, committed 10304K, reserved 1048576K
}
Event: 4162.922 GC heap after
{Heap after GC invocations=9486 (full 211):
 PSYoungGen      total 5632K, used 2584K [0x00000000eab00000, 0x00000000eb400000, 0x0000000100000000)
  eden space 2560K, 0% used [0x00000000eab00000,0x00000000eab00000,0x00000000ead80000)
  from space 3072K, 84% used [0x00000000ead80000,0x00000000eb006138,0x00000000eb080000)
  to   space 3072K, 0% used [0x00000000eb100000,0x00000000eb100000,0x00000000eb400000)
 ParOldGen       total 164864K, used 121846K [0x00000000c0000000, 0x00000000ca100000, 0x00000000eab00000)
  object space 164864K, 73% used [0x00000000c0000000,0x00000000c76fda48,0x00000000ca100000)
 Metaspace       used 98620K, committed 100032K, reserved 1146880K
  class space    used 9640K, committed 10304K, reserved 1048576K
}
Event: 4162.927 GC heap before
{Heap before GC invocations=9487 (full 211):
 PSYoungGen      total 5632K, used 5144K [0x00000000eab00000, 0x00000000eb400000, 0x0000000100000000)
  eden space 2560K, 100% used [0x00000000eab00000,0x00000000ead80000,0x00000000ead80000)
  from space 3072K, 84% used [0x00000000ead80000,0x00000000eb006138,0x00000000eb080000)
  to   space 3072K, 0% used [0x00000000eb100000,0x00000000eb100000,0x00000000eb400000)
 ParOldGen       total 164864K, used 121846K [0x00000000c0000000, 0x00000000ca100000, 0x00000000eab00000)
  object space 164864K, 73% used [0x00000000c0000000,0x00000000c76fda48,0x00000000ca100000)
 Metaspace       used 98620K, committed 100032K, reserved 1146880K
  class space    used 9640K, committed 10304K, reserved 1048576K
}
Event: 4162.931 GC heap after
{Heap after GC invocations=9487 (full 211):
 PSYoungGen      total 6144K, used 2614K [0x00000000eab00000, 0x00000000eb400000, 0x0000000100000000)
  eden space 3072K, 0% used [0x00000000eab00000,0x00000000eab00000,0x00000000eae00000)
  from space 3072K, 85% used [0x00000000eb100000,0x00000000eb38db30,0x00000000eb400000)
  to   space 3072K, 0% used [0x00000000eae00000,0x00000000eae00000,0x00000000eb100000)
 ParOldGen       total 164864K, used 124360K [0x00000000c0000000, 0x00000000ca100000, 0x00000000eab00000)
  object space 164864K, 75% used [0x00000000c0000000,0x00000000c79723f8,0x00000000ca100000)
 Metaspace       used 98620K, committed 100032K, reserved 1146880K
  class space    used 9640K, committed 10304K, reserved 1048576K
}
Event: 4162.940 GC heap before
{Heap before GC invocations=9488 (full 211):
 PSYoungGen      total 6144K, used 5686K [0x00000000eab00000, 0x00000000eb400000, 0x0000000100000000)
  eden space 3072K, 100% used [0x00000000eab00000,0x00000000eae00000,0x00000000eae00000)
  from space 3072K, 85% used [0x00000000eb100000,0x00000000eb38db30,0x00000000eb400000)
  to   space 3072K, 0% used [0x00000000eae00000,0x00000000eae00000,0x00000000eb100000)
 ParOldGen       total 164864K, used 124360K [0x00000000c0000000, 0x00000000ca100000, 0x00000000eab00000)
  object space 164864K, 75% used [0x00000000c0000000,0x00000000c79723f8,0x00000000ca100000)
 Metaspace       used 98620K, committed 100032K, reserved 1146880K
  class space    used 9640K, committed 10304K, reserved 1048576K
}
Event: 4162.944 GC heap after
{Heap after GC invocations=9488 (full 211):
 PSYoungGen      total 6144K, used 3052K [0x00000000eab00000, 0x00000000ebc00000, 0x0000000100000000)
  eden space 3072K, 0% used [0x00000000eab00000,0x00000000eab00000,0x00000000eae00000)
  from space 3072K, 99% used [0x00000000eae00000,0x00000000eb0fb058,0x00000000eb100000)
  to   space 6656K, 0% used [0x00000000eb580000,0x00000000eb580000,0x00000000ebc00000)
 ParOldGen       total 164864K, used 126941K [0x00000000c0000000, 0x00000000ca100000, 0x00000000eab00000)
  object space 164864K, 76% used [0x00000000c0000000,0x00000000c7bf7680,0x00000000ca100000)
 Metaspace       used 98620K, committed 100032K, reserved 1146880K
  class space    used 9640K, committed 10304K, reserved 1048576K
}
Event: 4162.952 GC heap before
{Heap before GC invocations=9489 (full 211):
 PSYoungGen      total 6144K, used 6124K [0x00000000eab00000, 0x00000000ebc00000, 0x0000000100000000)
  eden space 3072K, 100% used [0x00000000eab00000,0x00000000eae00000,0x00000000eae00000)
  from space 3072K, 99% used [0x00000000eae00000,0x00000000eb0fb058,0x00000000eb100000)
  to   space 6656K, 0% used [0x00000000eb580000,0x00000000eb580000,0x00000000ebc00000)
 ParOldGen       total 164864K, used 126941K [0x00000000c0000000, 0x00000000ca100000, 0x00000000eab00000)
  object space 164864K, 76% used [0x00000000c0000000,0x00000000c7bf7680,0x00000000ca100000)
 Metaspace       used 98620K, committed 100032K, reserved 1146880K
  class space    used 9640K, committed 10304K, reserved 1048576K
}
Event: 4162.955 GC heap after
{Heap after GC invocations=9489 (full 211):
 PSYoungGen      total 6656K, used 2190K [0x00000000eab00000, 0x00000000eb800000, 0x0000000100000000)
  eden space 4096K, 0% used [0x00000000eab00000,0x00000000eab00000,0x00000000eaf00000)
  from space 2560K, 85% used [0x00000000eb580000,0x00000000eb7a3800,0x00000000eb800000)
  to   space 3584K, 0% used [0x00000000eb100000,0x00000000eb100000,0x00000000eb480000)
 ParOldGen       total 164864K, used 129946K [0x00000000c0000000, 0x00000000ca100000, 0x00000000eab00000)
  object space 164864K, 78% used [0x00000000c0000000,0x00000000c7ee68d0,0x00000000ca100000)
 Metaspace       used 98620K, committed 100032K, reserved 1146880K
  class space    used 9640K, committed 10304K, reserved 1048576K
}
Event: 4162.976 GC heap before
{Heap before GC invocations=9490 (full 211):
 PSYoungGen      total 6656K, used 6285K [0x00000000eab00000, 0x00000000eb800000, 0x0000000100000000)
  eden space 4096K, 99% used [0x00000000eab00000,0x00000000eaeffc60,0x00000000eaf00000)
  from space 2560K, 85% used [0x00000000eb580000,0x00000000eb7a3800,0x00000000eb800000)
  to   space 3584K, 0% used [0x00000000eb100000,0x00000000eb100000,0x00000000eb480000)
 ParOldGen       total 164864K, used 129946K [0x00000000c0000000, 0x00000000ca100000, 0x00000000eab00000)
  object space 164864K, 78% used [0x00000000c0000000,0x00000000c7ee68d0,0x00000000ca100000)
 Metaspace       used 98620K, committed 100032K, reserved 1146880K
  class space    used 9640K, committed 10304K, reserved 1048576K
}
Event: 4162.979 GC heap after
{Heap after GC invocations=9490 (full 211):
 PSYoungGen      total 8192K, used 2712K [0x00000000eab00000, 0x00000000eb600000, 0x0000000100000000)
  eden space 5120K, 0% used [0x00000000eab00000,0x00000000eab00000,0x00000000eb000000)
  from space 3072K, 88% used [0x00000000eb100000,0x00000000eb3a6000,0x00000000eb400000)
  to   space 2048K, 0% used [0x00000000eb400000,0x00000000eb400000,0x00000000eb600000)
 ParOldGen       total 164864K, used 131818K [0x00000000c0000000, 0x00000000ca100000, 0x00000000eab00000)
  object space 164864K, 79% used [0x00000000c0000000,0x00000000c80ba8d0,0x00000000ca100000)
 Metaspace       used 98620K, committed 100032K, reserved 1146880K
  class space    used 9640K, committed 10304K, reserved 1048576K
}

